2024-07-03 09:37:23,245 INFO o.a.j.u.JMeterUtils: Setting Locale to ru_RU
2024-07-03 09:37:23,259 ERROR o.a.j.u.JMeterUtils: Could not find resources for 'ru_RU'
2024-07-03 09:37:23,259 INFO o.a.j.JMeter: Loading user properties from: user.properties
2024-07-03 09:37:23,260 INFO o.a.j.JMeter: Loading system properties from: system.properties
2024-07-03 09:37:23,268 INFO o.a.j.JMeter: Copyright (c) 1998-2024 The Apache Software Foundation
2024-07-03 09:37:23,268 INFO o.a.j.JMeter: Version 5.6.3
2024-07-03 09:37:23,268 INFO o.a.j.JMeter: java.version=1.8.0_401
2024-07-03 09:37:23,268 INFO o.a.j.JMeter: java.vm.name=Java HotSpot(TM) 64-Bit Server VM
2024-07-03 09:37:23,268 INFO o.a.j.JMeter: os.name=Windows 11
2024-07-03 09:37:23,268 INFO o.a.j.JMeter: os.arch=amd64
2024-07-03 09:37:23,268 INFO o.a.j.JMeter: os.version=10.0
2024-07-03 09:37:23,268 INFO o.a.j.JMeter: file.encoding=Cp1251
2024-07-03 09:37:23,269 INFO o.a.j.JMeter: java.awt.headless=null
2024-07-03 09:37:23,269 INFO o.a.j.JMeter: Max memory     =3774873600
2024-07-03 09:37:23,269 INFO o.a.j.JMeter: Available Processors =12
2024-07-03 09:37:23,278 INFO o.a.j.JMeter: Default Locale=русский (Россия)
2024-07-03 09:37:23,278 INFO o.a.j.JMeter: JMeter  Locale=русский (Россия)
2024-07-03 09:37:23,278 INFO o.a.j.JMeter: JMeterHome=C:\Users\ranso\Downloads\apache-jmeter-5.6.3 2222)\apache-jmeter-5.6.3
2024-07-03 09:37:23,278 INFO o.a.j.JMeter: user.dir  =C:\Users\ranso\Downloads\apache-jmeter-5.6.3 2222)\apache-jmeter-5.6.3\bin
2024-07-03 09:37:23,279 INFO o.a.j.JMeter: PWD       =C:\Users\ranso\Downloads\apache-jmeter-5.6.3 2222)\apache-jmeter-5.6.3\bin
2024-07-03 09:37:23,280 INFO o.a.j.JMeter: IP: 192.168.0.101 Name: DESKTOP-U4B260A FullName: host.docker.internal
2024-07-03 09:37:23,301 INFO o.a.j.JMeter: Loaded icon properties from org/apache/jmeter/images/icon.properties
2024-07-03 09:37:23,517 INFO o.a.j.JMeterGuiLauncher: Setting LAF to: com.github.weisj.darklaf.DarkLaf:com.github.weisj.darklaf.theme.DarculaTheme
2024-07-03 09:37:24,862 INFO o.a.j.r.ClassFinder: Will scan jar C:\Users\ranso\Downloads\apache-jmeter-5.6.3 2222)\apache-jmeter-5.6.3\lib\ext\jmeter-plugins-casutg-2.10.jar with filter ExtendsClassFilter [parents=[interface org.apache.jmeter.gui.action.Command], inner=false, contains=null, notContains=null]. Consider exposing JMeter plugins via META-INF/services, and add JMeter-Skip-Class-Scanning=true manifest attribute so JMeter can skip classfile scanning
2024-07-03 09:37:24,880 INFO o.a.j.r.ClassFinder: Will scan jar C:\Users\ranso\Downloads\apache-jmeter-5.6.3 2222)\apache-jmeter-5.6.3\lib\ext\jmeter-plugins-manager-1.3.jar with filter ExtendsClassFilter [parents=[interface org.apache.jmeter.gui.action.Command], inner=false, contains=null, notContains=null]. Consider exposing JMeter plugins via META-INF/services, and add JMeter-Skip-Class-Scanning=true manifest attribute so JMeter can skip classfile scanning
2024-07-03 09:37:25,071 INFO o.a.j.r.ClassFinder: Will scan jar C:\Users\ranso\Downloads\apache-jmeter-5.6.3 2222)\apache-jmeter-5.6.3\lib\ext\jmeter-plugins-casutg-2.10.jar with filter ExtendsClassFilter [parents=[interface org.apache.jmeter.gui.plugin.MenuCreator], inner=false, contains=null, notContains=null]. Consider exposing JMeter plugins via META-INF/services, and add JMeter-Skip-Class-Scanning=true manifest attribute so JMeter can skip classfile scanning
2024-07-03 09:37:25,071 INFO o.a.j.r.ClassFinder: Will scan jar C:\Users\ranso\Downloads\apache-jmeter-5.6.3 2222)\apache-jmeter-5.6.3\lib\ext\jmeter-plugins-manager-1.3.jar with filter ExtendsClassFilter [parents=[interface org.apache.jmeter.gui.plugin.MenuCreator], inner=false, contains=null, notContains=null]. Consider exposing JMeter plugins via META-INF/services, and add JMeter-Skip-Class-Scanning=true manifest attribute so JMeter can skip classfile scanning
2024-07-03 09:37:25,327 INFO o.j.r.JARSourceHTTP: Requesting https://jmeter-plugins.org/repo/?installID=windows_11-b57d6926d5744a7041aafec4d83f7c93-gui
2024-07-03 09:37:27,907 INFO o.j.r.PluginManager: Plugins Status: [jpgc-casutg=2.10, jpgc-plugins-manager=1.3, jmeter-core=5.6.3, jmeter-ftp=5.6.3, jmeter-http=5.6.3, jmeter-jdbc=5.6.3, jmeter-jms=5.6.3, jmeter-junit=5.6.3, jmeter-java=5.6.3, jmeter-ldap=5.6.3, jmeter-mail=5.6.3, jmeter-mongodb=5.6.3, jmeter-native=5.6.3, jmeter-tcp=5.6.3, jmeter-components=5.6.3]
2024-07-03 09:37:27,907 INFO o.j.r.PluginManagerMenuItem: Plugins Manager has upgrades: [jpgc-plugins-manager]
